* Starting client
* Connecting to master process on port 12750
* Analyzing classpath: 
  - C:\Users\u2934\eclipse-workspace\ex07\target\classes
  - C:\Users\u2934\.m2\repository\junit\junit\4.12\junit-4.12.jar
  - C:\Users\u2934\.m2\repository\org\hamcrest\hamcrest-core\1.3\hamcrest-core-1.3.jar
* Finished analyzing classpath
* Generating tests for class ex07.Calculator
* Test criteria:
  - Line Coverage
  - Branch Coverage
  - Exception
  - Mutation testing (weak)
  - Method-Output Coverage
  - Top-Level Method Coverage
  - No-Exception Top-Level Method Coverage
  - Context Branch Coverage
* Setting up search algorithm for whole suite generation
* Loaded 17 tests from C:\Users\u2934\eclipse-workspace\ex07\.evosuite\evosuite-seeds\ex07.Calculator.seed
* Total number of test goals: 
  - Line 13
  - Branch 11
  - Exception 0
  - MutationFactory 77
  - Output 3
  - Method 2
  - MethodNoException 2
  - CBranchFitnessFactory 11
* Using seed 1730478249844
* Starting evolution
* Search finished after 89s and 4395 generations, 1221277 statements, best individual has fitness: 4.499998088927004
* Writing sequences to pool
* Minimizing test suite
* Going to analyze the coverage criteria
* Coverage analysis for criterion LINE
* Coverage of criterion LINE: 100%
* Total number of goals: 13
* Number of covered goals: 13
* Coverage analysis for criterion BRANCH
* Coverage of criterion BRANCH: 100%
* Total number of goals: 11
* Number of covered goals: 11
* Coverage analysis for criterion EXCEPTION
* Coverage of criterion EXCEPTION: 100%
* Total number of goals: 1
* Number of covered goals: 1
* Coverage analysis for criterion WEAKMUTATION
* Coverage of criterion WEAKMUTATION: 95%
* Total number of goals: 77
* Number of covered goals: 73
* Coverage analysis for criterion OUTPUT
* Coverage of criterion OUTPUT: 100%
* Total number of goals: 3
* Number of covered goals: 3
* Coverage analysis for criterion METHOD
* Coverage of criterion METHOD: 100%
* Total number of goals: 2
* Number of covered goals: 2
* Coverage analysis for criterion METHODNOEXCEPTION
* Coverage of criterion METHODNOEXCEPTION: 100%
* Total number of goals: 2
* Number of covered goals: 2
* Coverage analysis for criterion CBRANCH
* Coverage of criterion CBRANCH: 100%
* Total number of goals: 11
* Number of covered goals: 11
* Generated 9 tests with total length 18
* Resulting test suite's coverage: 99% (average coverage for all fitness functions)
* Generating assertions
* Resulting test suite's mutation score: 94%
* Compiling and checking tests
* Writing JUnit test case 'Calculator_ESTest' to C:\Users\u2934\eclipse-workspace\ex07\.evosuite\tmp_2024_11_02_01_24_07\tests
* Done!

